Last login: Fri May  6 18:24:16 2016 from 192.168.244.1
]0;root@whomai:~[?1034h[root@whomai ~]# ls
1.log                             [0m[01;31mopenvpn.tar.gz[0m
44.txt                            private.pem
[01;34ma[0m                                 public.pem
ab.sh                             [01;34mpublish[0m
admin_121_10_170204.log           [01;34mPython-3.5.1[0m
admin_121_10_170204.time          [01;31mPython-3.5.1.tgz[0m
a.log                             [01;34mpyxterm[0m
anaconda-ks.cfg                   tasks.pyc
[01;34mansible[0m                           [01;34mtermrecord[0m
[01;31mansible-1.9.4-0.2.rc2.tar.gz[0m      [01;34mTermRecord[0m
[01;34mansible-1.9.4-1[0m                   [01;34mTermRecord-1.2.4[0m
[01;31mansible-1.9.4-1.tar.gz[0m            [01;31mTermRecord-1.2.4.tar.gz[0m
[01;31mansible.tar.gz[0m                    test.html
ansible_test.py                   [01;34mtestmis[0m
djangobook2.0.CHM.20151201040715  test_monitor.py
[01;34mdjango-socketio[0m                   test.o
Django课程.docx                   test.sh
[01;34mdwebsocket[0m                        test_tail.py
gc.txt                            test_tty.py
gen_key.py                        test.txt
[01;34mgfwlist[0m                           text1.py
gitlog_test.sh                    text.py
[01;34mguacamole-server-0.9.8[0m            [01;34mtmp[0m
[01;31mguacamole-server-0.9.8.tar.gz[0m     useradd.yaml
hello world                       [01;34mutil-linux-2.27.1[0m
input.log                         [01;31mutil-linux-2.27.1.tar.gz[0m
install.log                       watch.py
install.log.syslog                [01;34mwebTerminal[0m
jumpserver.sql                    [01;34mWeiXin-Private-API[0m
Jumpserver需求导图.xmind          weixin.py
[01;34mlinux-rdp-gateway[0m                 weixin.py.save
ls                                [01;34mwssh[0m
[01;34mmis[0m                               zzjumpserver.sh
[01;34mmysite[0m                            [01;35m无标题.png[0m
[m]0;root@whomai:~[root@whomai ~]# echo "hello world"
hello world
]0;root@whomai:~[root@whomai ~]# exit
logout
